<?xml version="1.0" encoding="UTF-8"?>
<testng-results ignored="0" total="1" passed="1" failed="0" skipped="0">
  <reporter-output>
  </reporter-output>
  <suite started-at="2023-09-15T00:50:39 IST" name="Surefire suite" finished-at="2023-09-15T00:50:57 IST" duration-ms="17808">
    <groups>
    </groups>
    <test started-at="2023-09-15T00:50:39 IST" name="Surefire test" finished-at="2023-09-15T00:50:57 IST" duration-ms="17808">
      <class name="Tests.HomePageTests">
        <test-method is-config="true" signature="setUp()[pri:0, instance:Tests.HomePageTests@8e24743]" started-at="2023-09-15T00:50:39 IST" name="setUp" finished-at="2023-09-15T00:50:47 IST" duration-ms="7936" status="PASS">
          <reporter-output>
          </reporter-output>
        </test-method> <!-- setUp -->
        <test-method signature="verifyHomePageTitle()[pri:0, instance:Tests.HomePageTests@8e24743]" started-at="2023-09-15T00:50:47 IST" name="verifyHomePageTitle" finished-at="2023-09-15T00:50:54 IST" duration-ms="6667" status="PASS">
          <reporter-output>
          </reporter-output>
        </test-method> <!-- verifyHomePageTitle -->
        <test-method is-config="true" signature="tearDown()[pri:0, instance:Tests.HomePageTests@8e24743]" started-at="2023-09-15T00:50:54 IST" name="tearDown" finished-at="2023-09-15T00:50:57 IST" duration-ms="3152" status="PASS">
          <reporter-output>
          </reporter-output>
        </test-method> <!-- tearDown -->
      </class> <!-- Tests.HomePageTests -->
    </test> <!-- Surefire test -->
  </suite> <!-- Surefire suite -->
</testng-results>
